This file contains any messages produced by compilers while
running configure, to aid debugging if configure makes a mistake.

It was created by configure, which was
generated by GNU Autoconf 2.69.  Invocation command line was

  $ ./configure 

## --------- ##
## Platform. ##
## --------- ##

hostname = yango3deMacBook-Pro.local
uname -m = x86_64
uname -r = 19.6.0
uname -s = Darwin
uname -v = Darwin Kernel Version 19.6.0: Thu Jun 18 20:49:00 PDT 2020; root:xnu-6153.141.1~1/RELEASE_X86_64

/usr/bin/uname -p = i386
/bin/uname -X     = unknown

/bin/arch              = unknown
/usr/bin/arch -k       = unknown
/usr/convex/getsysinfo = unknown
/usr/bin/hostinfo      = Mach kernel version:
	 Darwin Kernel Version 19.6.0: Thu Jun 18 20:49:00 PDT 2020; root:xnu-6153.141.1~1/RELEASE_X86_64
Kernel configured for up to 8 processors.
4 processors are physically available.
8 processors are logically available.
Processor type: x86_64h (Intel x86-64h Haswell)
Processors active: 0 1 2 3 4 5 6 7
Primary memory available: 16.00 gigabytes
Default processor set: 502 tasks, 2874 threads, 8 processors
Load average: 2.34, Mach factor: 5.65
/bin/machine           = unknown
/usr/bin/oslevel       = unknown
/bin/universe          = unknown

PATH: /Users/yango3/Documents/project/tc32/bin
PATH: /usr/local/sbin
PATH: /Applications/Racket v7.8/bin
PATH: /usr/local/opt/ncurses/bin
PATH: /usr/local/Cellar/binutils/2.35/bin
PATH: /Users/yango3/Documents/project/Flutter/bin
PATH: /Users/yango3/.nvm/versions/node/v10.22.0/bin
PATH: /usr/local/bin
PATH: /usr/bin
PATH: /bin
PATH: /usr/sbin
PATH: /sbin
PATH: /Library/Apple/usr/bin
PATH: /Users/yango3/.rvm/bin


## ----------- ##
## Core tests. ##
## ----------- ##

configure:1793: checking for gcc
configure:1809: found /usr/bin/gcc
configure:1820: result: gcc
configure:2049: checking for C compiler version
configure:2058: gcc --version >&5
Apple clang version 12.0.0 (clang-1200.0.32.2)
Target: x86_64-apple-darwin19.6.0
Thread model: posix
InstalledDir: /Applications/Xcode.app/Contents/Developer/Toolchains/XcodeDefault.xctoolchain/usr/bin
Configured with: --prefix=/Applications/Xcode.app/Contents/Developer/usr --with-gxx-include-dir=/Applications/Xcode.app/Contents/Developer/Platforms/MacOSX.platform/Developer/SDKs/MacOSX.sdk/usr/include/c++/4.2.1
configure:2069: $? = 0
configure:2058: gcc -v >&5
Configured with: --prefix=/Applications/Xcode.app/Contents/Developer/usr --with-gxx-include-dir=/Applications/Xcode.app/Contents/Developer/Platforms/MacOSX.platform/Developer/SDKs/MacOSX.sdk/usr/include/c++/4.2.1
Apple clang version 12.0.0 (clang-1200.0.32.2)
Target: x86_64-apple-darwin19.6.0
Thread model: posix
InstalledDir: /Applications/Xcode.app/Contents/Developer/Toolchains/XcodeDefault.xctoolchain/usr/bin
configure:2069: $? = 0
configure:2058: gcc -V >&5
clang: error: argument to '-V' is missing (expected 1 value)
clang: error: no input files
configure:2069: $? = 1
configure:2058: gcc -qversion >&5
clang: error: unknown argument '-qversion'; did you mean '--version'?
clang: error: no input files
configure:2069: $? = 1
configure:2089: checking whether the C compiler works
configure:2111: gcc    conftest.c  >&5
configure:2115: $? = 0
configure:2163: result: yes
configure:2166: checking for C compiler default output file name
configure:2168: result: a.out
configure:2174: checking for suffix of executables
configure:2181: gcc -o conftest    conftest.c  >&5
configure:2185: $? = 0
configure:2207: result: 
configure:2229: checking whether we are cross compiling
configure:2237: gcc -o conftest    conftest.c  >&5
configure:2241: $? = 0
configure:2248: ./conftest
configure:2252: $? = 0
configure:2267: result: no
configure:2272: checking for suffix of object files
configure:2294: gcc -c   conftest.c >&5
configure:2298: $? = 0
configure:2319: result: o
configure:2323: checking whether we are using the GNU C compiler
configure:2342: gcc -c   conftest.c >&5
configure:2342: $? = 0
configure:2351: result: yes
configure:2360: checking whether gcc accepts -g
configure:2380: gcc -c -g  conftest.c >&5
configure:2380: $? = 0
configure:2421: result: yes
configure:2438: checking for gcc option to accept ISO C89
configure:2501: gcc  -c -g -O2  conftest.c >&5
configure:2501: $? = 0
configure:2514: result: none needed
configure:2590: checking for pkg-config
configure:2608: found /usr/local/bin/pkg-config
configure:2620: result: /usr/local/bin/pkg-config
configure:2645: checking pkg-config is at least version 0.9.0
configure:2648: result: yes
configure:2658: checking for guile-3.0
configure:2665: $PKG_CONFIG --exists --print-errors "guile-3.0"
configure:2668: $? = 0
configure:2682: $PKG_CONFIG --exists --print-errors "guile-3.0"
configure:2685: $? = 0
configure:2743: result: yes
configure:2901: creating ./config.status

## ---------------------- ##
## Running config.status. ##
## ---------------------- ##

This file was extended by config.status, which was
generated by GNU Autoconf 2.69.  Invocation command line was

  CONFIG_FILES    = 
  CONFIG_HEADERS  = 
  CONFIG_LINKS    = 
  CONFIG_COMMANDS = 
  $ ./config.status 

on yango3deMacBook-Pro.local

config.status:724: creating Makefile

## ---------------- ##
## Cache variables. ##
## ---------------- ##

ac_cv_c_compiler_gnu=yes
ac_cv_env_CC_set=
ac_cv_env_CC_value=
ac_cv_env_CFLAGS_set=
ac_cv_env_CFLAGS_value=
ac_cv_env_CPPFLAGS_set=
ac_cv_env_CPPFLAGS_value=
ac_cv_env_GUILE_CFLAGS_set=
ac_cv_env_GUILE_CFLAGS_value=
ac_cv_env_GUILE_LIBS_set=
ac_cv_env_GUILE_LIBS_value=
ac_cv_env_LDFLAGS_set=
ac_cv_env_LDFLAGS_value=
ac_cv_env_LIBS_set=
ac_cv_env_LIBS_value=
ac_cv_env_PKG_CONFIG_LIBDIR_set=
ac_cv_env_PKG_CONFIG_LIBDIR_value=
ac_cv_env_PKG_CONFIG_PATH_set=
ac_cv_env_PKG_CONFIG_PATH_value=
ac_cv_env_PKG_CONFIG_set=
ac_cv_env_PKG_CONFIG_value=
ac_cv_env_build_alias_set=
ac_cv_env_build_alias_value=
ac_cv_env_host_alias_set=
ac_cv_env_host_alias_value=
ac_cv_env_target_alias_set=
ac_cv_env_target_alias_value=
ac_cv_objext=o
ac_cv_path_ac_pt_PKG_CONFIG=/usr/local/bin/pkg-config
ac_cv_prog_ac_ct_CC=gcc
ac_cv_prog_cc_c89=
ac_cv_prog_cc_g=yes
pkg_cv_GUILE_CFLAGS='-D_THREAD_SAFE -I/usr/local/Cellar/guile/3.0.4/include/guile/3.0 -I/usr/local/opt/gmp/include -I/usr/local/opt/readline/include -I/usr/local/opt/bdw-gc/include'
pkg_cv_GUILE_LIBS='-L/usr/local/Cellar/guile/3.0.4/lib -L/usr/local/opt/bdw-gc/lib -lguile-3.0 -lgc'

## ----------------- ##
## Output variables. ##
## ----------------- ##

CC='gcc'
CFLAGS='-g -O2'
CPPFLAGS=''
DEFS='-DPACKAGE_NAME=\"\" -DPACKAGE_TARNAME=\"\" -DPACKAGE_VERSION=\"\" -DPACKAGE_STRING=\"\" -DPACKAGE_BUGREPORT=\"\" -DPACKAGE_URL=\"\"'
ECHO_C='\c'
ECHO_N=''
ECHO_T=''
EXEEXT=''
GUILE_CFLAGS='-D_THREAD_SAFE -I/usr/local/Cellar/guile/3.0.4/include/guile/3.0 -I/usr/local/opt/gmp/include -I/usr/local/opt/readline/include -I/usr/local/opt/bdw-gc/include'
GUILE_LIBS='-L/usr/local/Cellar/guile/3.0.4/lib -L/usr/local/opt/bdw-gc/lib -lguile-3.0 -lgc'
LDFLAGS=''
LIBOBJS=''
LIBS=''
LTLIBOBJS=''
OBJEXT='o'
PACKAGE_BUGREPORT=''
PACKAGE_NAME=''
PACKAGE_STRING=''
PACKAGE_TARNAME=''
PACKAGE_URL=''
PACKAGE_VERSION=''
PATH_SEPARATOR=':'
PKG_CONFIG='/usr/local/bin/pkg-config'
PKG_CONFIG_LIBDIR=''
PKG_CONFIG_PATH=''
SHELL='/bin/sh'
ac_ct_CC='gcc'
bindir='${exec_prefix}/bin'
build_alias=''
datadir='${datarootdir}'
datarootdir='${prefix}/share'
docdir='${datarootdir}/doc/${PACKAGE}'
dvidir='${docdir}'
exec_prefix='${prefix}'
host_alias=''
htmldir='${docdir}'
includedir='${prefix}/include'
infodir='${datarootdir}/info'
libdir='${exec_prefix}/lib'
libexecdir='${exec_prefix}/libexec'
localedir='${datarootdir}/locale'
localstatedir='${prefix}/var'
mandir='${datarootdir}/man'
oldincludedir='/usr/include'
pdfdir='${docdir}'
prefix='/usr/local'
program_transform_name='s,x,x,'
psdir='${docdir}'
sbindir='${exec_prefix}/sbin'
sharedstatedir='${prefix}/com'
sysconfdir='${prefix}/etc'
target_alias=''

## ----------- ##
## confdefs.h. ##
## ----------- ##

/* confdefs.h */
#define PACKAGE_NAME ""
#define PACKAGE_TARNAME ""
#define PACKAGE_VERSION ""
#define PACKAGE_STRING ""
#define PACKAGE_BUGREPORT ""
#define PACKAGE_URL ""

configure: exit 0
